<?xml version="1.0" encoding="UTF-8"?>
<!-- Generated by org.testng.reporters.JUnitReportReporter -->
<testsuite hostname="INBASDLP04438" name="Academytest.HomePage" tests="2" failures="0" timestamp="24 Jul 2021 19:11:51 GMT" time="9.328" errors="0">
  <testcase name="basePageNavigation" time="5.983" classname="Academytest.HomePage"/>
  <testcase name="basePageNavigation" time="3.345" classname="Academytest.HomePage"/>
</testsuite> <!-- Academytest.HomePage -->
